<?xml version="1.0" encoding="UTF-8"?>
<!-- Generated by org.testng.reporters.JUnitReportReporter -->
<testsuite hostname="QSpiders" failures="0" tests="1" name="Com.DemoWebShop_TestScripts.TC001_VerifyUserIsAbleToAddAddressOrNot" time="15.878" errors="0" timestamp="2026-05-30T09:41:59 IST" skipped="0">
  <testcase classname="Com.DemoWebShop_TestScripts.TC001_VerifyUserIsAbleToAddAddressOrNot" name="addAddress" time="15.878"/>
</testsuite> <!-- Com.DemoWebShop_TestScripts.TC001_VerifyUserIsAbleToAddAddressOrNot -->
