<?xml version="1.0" encoding="UTF-8"?>
<testng-results ignored="0" total="1" passed="1" failed="0" skipped="0">
  <reporter-output>
  </reporter-output>
  <suite started-at="2026-05-31T09:11:32 IST" name="Default suite" finished-at="2026-05-31T09:11:54 IST" duration-ms="22168">
    <groups>
    </groups>
    <test started-at="2026-05-31T09:11:32 IST" name="Default test" finished-at="2026-05-31T09:11:54 IST" duration-ms="22168">
      <class name="Com.DemoWebShop_TestScripts.TC002_VerifyUserIsAbleToDeleteAddressOrNot">
        <test-method is-config="true" signature="beforeSuite()[pri:0, instance:Com.DemoWebShop_TestScripts.TC002_VerifyUserIsAbleToDeleteAddressOrNot@74e52ef6]" started-at="2026-05-31T09:11:32 IST" name="beforeSuite" finished-at="2026-05-31T09:11:32 IST" duration-ms="20" status="PASS">
          <reporter-output>
          </reporter-output>
        </test-method> <!-- beforeSuite -->
        <test-method is-config="true" signature="beforeTest()[pri:0, instance:Com.DemoWebShop_TestScripts.TC002_VerifyUserIsAbleToDeleteAddressOrNot@74e52ef6]" started-at="2026-05-31T09:11:32 IST" name="beforeTest" finished-at="2026-05-31T09:11:33 IST" duration-ms="431" status="PASS">
          <reporter-output>
          </reporter-output>
        </test-method> <!-- beforeTest -->
        <test-method is-config="true" signature="beforeClass()[pri:0, instance:Com.DemoWebShop_TestScripts.TC002_VerifyUserIsAbleToDeleteAddressOrNot@74e52ef6]" started-at="2026-05-31T09:11:33 IST" name="beforeClass" finished-at="2026-05-31T09:11:39 IST" duration-ms="6527" status="PASS">
          <reporter-output>
          </reporter-output>
        </test-method> <!-- beforeClass -->
        <test-method is-config="true" signature="beforeMethod()[pri:0, instance:Com.DemoWebShop_TestScripts.TC002_VerifyUserIsAbleToDeleteAddressOrNot@74e52ef6]" started-at="2026-05-31T09:11:39 IST" name="beforeMethod" finished-at="2026-05-31T09:11:42 IST" duration-ms="2384" status="PASS">
          <reporter-output>
          </reporter-output>
        </test-method> <!-- beforeMethod -->
        <test-method signature="deleteAddress()[pri:0, instance:Com.DemoWebShop_TestScripts.TC002_VerifyUserIsAbleToDeleteAddressOrNot@74e52ef6]" started-at="2026-05-31T09:11:42 IST" name="deleteAddress" finished-at="2026-05-31T09:11:47 IST" duration-ms="4891" status="PASS">
          <reporter-output>
          </reporter-output>
        </test-method> <!-- deleteAddress -->
        <test-method is-config="true" signature="afterMethod()[pri:0, instance:Com.DemoWebShop_TestScripts.TC002_VerifyUserIsAbleToDeleteAddressOrNot@74e52ef6]" started-at="2026-05-31T09:11:47 IST" name="afterMethod" finished-at="2026-05-31T09:11:51 IST" duration-ms="3948" status="PASS">
          <reporter-output>
          </reporter-output>
        </test-method> <!-- afterMethod -->
        <test-method is-config="true" signature="afterClass()[pri:0, instance:Com.DemoWebShop_TestScripts.TC002_VerifyUserIsAbleToDeleteAddressOrNot@74e52ef6]" started-at="2026-05-31T09:11:51 IST" name="afterClass" finished-at="2026-05-31T09:11:54 IST" duration-ms="3453" status="PASS">
          <reporter-output>
          </reporter-output>
        </test-method> <!-- afterClass -->
        <test-method is-config="true" signature="afterTest()[pri:0, instance:Com.DemoWebShop_TestScripts.TC002_VerifyUserIsAbleToDeleteAddressOrNot@74e52ef6]" started-at="2026-05-31T09:11:54 IST" name="afterTest" finished-at="2026-05-31T09:11:54 IST" duration-ms="450" status="PASS">
          <reporter-output>
          </reporter-output>
        </test-method> <!-- afterTest -->
        <test-method is-config="true" signature="afterSuite()[pri:0, instance:Com.DemoWebShop_TestScripts.TC002_VerifyUserIsAbleToDeleteAddressOrNot@74e52ef6]" started-at="2026-05-31T09:11:55 IST" name="afterSuite" finished-at="2026-05-31T09:11:55 IST" duration-ms="1" status="PASS">
          <reporter-output>
          </reporter-output>
        </test-method> <!-- afterSuite -->
      </class> <!-- Com.DemoWebShop_TestScripts.TC002_VerifyUserIsAbleToDeleteAddressOrNot -->
    </test> <!-- Default test -->
  </suite> <!-- Default suite -->
</testng-results>
